{"C:\\Users\\Taufik\\Documents\\rakamin\\homework\\Homework-UnitTestingDevelopment\\app.js": {"path":"C:\\Users\\Taufik\\Documents\\rakamin\\homework\\Homework-UnitTestingDevelopment\\app.js","statementMap":{"0":{"start":{"line":1,"column":0},"end":{"line":1,"column":27}},"1":{"start":{"line":2,"column":16},"end":{"line":2,"column":34}},"2":{"start":{"line":3,"column":12},"end":{"line":3,"column":21}},"3":{"start":{"line":4,"column":13},"end":{"line":4,"column":17}},"4":{"start":{"line":5,"column":14},"end":{"line":5,"column":44}},"5":{"start":{"line":6,"column":21},"end":{"line":6,"column":58}},"6":{"start":{"line":8,"column":0},"end":{"line":8,"column":24}},"7":{"start":{"line":9,"column":0},"end":{"line":11,"column":4}},"8":{"start":{"line":12,"column":0},"end":{"line":12,"column":15}},"9":{"start":{"line":13,"column":0},"end":{"line":13,"column":22}},"10":{"start":{"line":15,"column":0},"end":{"line":19,"column":1}},"11":{"start":{"line":16,"column":4},"end":{"line":18,"column":6}},"12":{"start":{"line":17,"column":8},"end":{"line":17,"column":66}},"13":{"start":{"line":21,"column":0},"end":{"line":21,"column":21}}},"fnMap":{"0":{"name":"(anonymous_0)","decl":{"start":{"line":16,"column":21},"end":{"line":16,"column":22}},"loc":{"start":{"line":16,"column":27},"end":{"line":18,"column":5}},"line":16}},"branchMap":{"0":{"loc":{"start":{"line":15,"column":0},"end":{"line":19,"column":1}},"type":"if","locations":[{"start":{"line":15,"column":0},"end":{"line":19,"column":1}},{"start":{},"end":{}}],"line":15}},"s":{"0":1,"1":1,"2":1,"3":1,"4":1,"5":1,"6":1,"7":1,"8":1,"9":1,"10":1,"11":0,"12":0,"13":1},"f":{"0":0},"b":{"0":[0,1]},"_coverageSchema":"1a1c01bbd47fc00a2c39e90264f33305004495a9","hash":"b76281e614013f5a84b63cb48075355fb549b670"}
,"C:\\Users\\Taufik\\Documents\\rakamin\\homework\\Homework-UnitTestingDevelopment\\config\\config.js": {"path":"C:\\Users\\Taufik\\Documents\\rakamin\\homework\\Homework-UnitTestingDevelopment\\config\\config.js","statementMap":{"0":{"start":{"line":1,"column":0},"end":{"line":1,"column":27}},"1":{"start":{"line":2,"column":15},"end":{"line":24,"column":1}},"2":{"start":{"line":26,"column":0},"end":{"line":26,"column":24}}},"fnMap":{},"branchMap":{},"s":{"0":1,"1":1,"2":1},"f":{},"b":{},"_coverageSchema":"1a1c01bbd47fc00a2c39e90264f33305004495a9","hash":"403c4ad9e244ab9fec1cd955b066499f667d20ea"}
,"C:\\Users\\Taufik\\Documents\\rakamin\\homework\\Homework-UnitTestingDevelopment\\controllers\\todo.controller.js": {"path":"C:\\Users\\Taufik\\Documents\\rakamin\\homework\\Homework-UnitTestingDevelopment\\controllers\\todo.controller.js","statementMap":{"0":{"start":{"line":1,"column":21},"end":{"line":1,"column":57}},"1":{"start":{"line":3,"column":19},"end":{"line":10,"column":3}},"2":{"start":{"line":4,"column":4},"end":{"line":9,"column":5}},"3":{"start":{"line":5,"column":19},"end":{"line":5,"column":56}},"4":{"start":{"line":6,"column":6},"end":{"line":6,"column":21}},"5":{"start":{"line":8,"column":6},"end":{"line":8,"column":18}},"6":{"start":{"line":12,"column":19},"end":{"line":19,"column":3}},"7":{"start":{"line":13,"column":4},"end":{"line":18,"column":5}},"8":{"start":{"line":14,"column":19},"end":{"line":14,"column":60}},"9":{"start":{"line":15,"column":6},"end":{"line":15,"column":21}},"10":{"start":{"line":17,"column":6},"end":{"line":17,"column":18}},"11":{"start":{"line":21,"column":18},"end":{"line":28,"column":3}},"12":{"start":{"line":22,"column":4},"end":{"line":27,"column":5}},"13":{"start":{"line":23,"column":19},"end":{"line":23,"column":54}},"14":{"start":{"line":24,"column":6},"end":{"line":24,"column":21}},"15":{"start":{"line":26,"column":6},"end":{"line":26,"column":18}},"16":{"start":{"line":30,"column":18},"end":{"line":41,"column":3}},"17":{"start":{"line":31,"column":4},"end":{"line":40,"column":5}},"18":{"start":{"line":32,"column":21},"end":{"line":35,"column":7}},"19":{"start":{"line":36,"column":19},"end":{"line":36,"column":52}},"20":{"start":{"line":37,"column":6},"end":{"line":37,"column":21}},"21":{"start":{"line":39,"column":6},"end":{"line":39,"column":18}},"22":{"start":{"line":43,"column":18},"end":{"line":50,"column":3}},"23":{"start":{"line":44,"column":4},"end":{"line":49,"column":5}},"24":{"start":{"line":45,"column":19},"end":{"line":45,"column":59}},"25":{"start":{"line":46,"column":6},"end":{"line":46,"column":21}},"26":{"start":{"line":48,"column":6},"end":{"line":48,"column":18}},"27":{"start":{"line":53,"column":0},"end":{"line":53,"column":32}}},"fnMap":{"0":{"name":"(anonymous_0)","decl":{"start":{"line":3,"column":19},"end":{"line":3,"column":20}},"loc":{"start":{"line":3,"column":45},"end":{"line":10,"column":3}},"line":3},"1":{"name":"(anonymous_1)","decl":{"start":{"line":12,"column":19},"end":{"line":12,"column":20}},"loc":{"start":{"line":12,"column":45},"end":{"line":19,"column":3}},"line":12},"2":{"name":"(anonymous_2)","decl":{"start":{"line":21,"column":18},"end":{"line":21,"column":19}},"loc":{"start":{"line":21,"column":44},"end":{"line":28,"column":3}},"line":21},"3":{"name":"(anonymous_3)","decl":{"start":{"line":30,"column":18},"end":{"line":30,"column":19}},"loc":{"start":{"line":30,"column":44},"end":{"line":41,"column":3}},"line":30},"4":{"name":"(anonymous_4)","decl":{"start":{"line":43,"column":18},"end":{"line":43,"column":19}},"loc":{"start":{"line":43,"column":44},"end":{"line":50,"column":3}},"line":43}},"branchMap":{},"s":{"0":1,"1":1,"2":1,"3":1,"4":1,"5":0,"6":1,"7":2,"8":2,"9":1,"10":1,"11":1,"12":1,"13":1,"14":1,"15":0,"16":1,"17":2,"18":2,"19":2,"20":1,"21":1,"22":1,"23":2,"24":2,"25":1,"26":1,"27":1},"f":{"0":1,"1":2,"2":1,"3":2,"4":2},"b":{},"_coverageSchema":"1a1c01bbd47fc00a2c39e90264f33305004495a9","hash":"0bc05bc5c8ae19e22504a874cce02dc5cc03163e"}
,"C:\\Users\\Taufik\\Documents\\rakamin\\homework\\Homework-UnitTestingDevelopment\\middlewares\\errorHandler.js": {"path":"C:\\Users\\Taufik\\Documents\\rakamin\\homework\\Homework-UnitTestingDevelopment\\middlewares\\errorHandler.js","statementMap":{"0":{"start":{"line":1,"column":21},"end":{"line":9,"column":1}},"1":{"start":{"line":2,"column":4},"end":{"line":8,"column":5}},"2":{"start":{"line":3,"column":8},"end":{"line":7,"column":10}},"3":{"start":{"line":11,"column":0},"end":{"line":11,"column":30}}},"fnMap":{"0":{"name":"(anonymous_0)","decl":{"start":{"line":1,"column":21},"end":{"line":1,"column":22}},"loc":{"start":{"line":1,"column":46},"end":{"line":9,"column":1}},"line":1}},"branchMap":{"0":{"loc":{"start":{"line":2,"column":4},"end":{"line":8,"column":5}},"type":"if","locations":[{"start":{"line":2,"column":4},"end":{"line":8,"column":5}},{"start":{},"end":{}}],"line":2}},"s":{"0":1,"1":3,"2":3,"3":1},"f":{"0":3},"b":{"0":[3,0]},"_coverageSchema":"1a1c01bbd47fc00a2c39e90264f33305004495a9","hash":"616fe60e4a4635cf9c71b9b8f2f2abf7c123fb2a"}
,"C:\\Users\\Taufik\\Documents\\rakamin\\homework\\Homework-UnitTestingDevelopment\\models\\index.js": {"path":"C:\\Users\\Taufik\\Documents\\rakamin\\homework\\Homework-UnitTestingDevelopment\\models\\index.js","statementMap":{"0":{"start":{"line":3,"column":11},"end":{"line":3,"column":24}},"1":{"start":{"line":4,"column":13},"end":{"line":4,"column":28}},"2":{"start":{"line":5,"column":18},"end":{"line":5,"column":38}},"3":{"start":{"line":6,"column":16},"end":{"line":6,"column":34}},"4":{"start":{"line":7,"column":17},"end":{"line":7,"column":42}},"5":{"start":{"line":8,"column":12},"end":{"line":8,"column":49}},"6":{"start":{"line":9,"column":15},"end":{"line":9,"column":63}},"7":{"start":{"line":10,"column":11},"end":{"line":10,"column":13}},"8":{"start":{"line":13,"column":0},"end":{"line":17,"column":1}},"9":{"start":{"line":14,"column":2},"end":{"line":14,"column":74}},"10":{"start":{"line":16,"column":2},"end":{"line":16,"column":87}},"11":{"start":{"line":19,"column":0},"end":{"line":32,"column":5}},"12":{"start":{"line":22,"column":4},"end":{"line":27,"column":6}},"13":{"start":{"line":30,"column":18},"end":{"line":30,"column":85}},"14":{"start":{"line":31,"column":4},"end":{"line":31,"column":27}},"15":{"start":{"line":34,"column":0},"end":{"line":38,"column":3}},"16":{"start":{"line":35,"column":2},"end":{"line":37,"column":3}},"17":{"start":{"line":36,"column":4},"end":{"line":36,"column":32}},"18":{"start":{"line":40,"column":0},"end":{"line":40,"column":25}},"19":{"start":{"line":41,"column":0},"end":{"line":41,"column":25}},"20":{"start":{"line":43,"column":0},"end":{"line":43,"column":20}}},"fnMap":{"0":{"name":"(anonymous_0)","decl":{"start":{"line":21,"column":10},"end":{"line":21,"column":11}},"loc":{"start":{"line":21,"column":18},"end":{"line":28,"column":3}},"line":21},"1":{"name":"(anonymous_1)","decl":{"start":{"line":29,"column":11},"end":{"line":29,"column":12}},"loc":{"start":{"line":29,"column":19},"end":{"line":32,"column":3}},"line":29},"2":{"name":"(anonymous_2)","decl":{"start":{"line":34,"column":24},"end":{"line":34,"column":25}},"loc":{"start":{"line":34,"column":37},"end":{"line":38,"column":1}},"line":34}},"branchMap":{"0":{"loc":{"start":{"line":8,"column":12},"end":{"line":8,"column":49}},"type":"binary-expr","locations":[{"start":{"line":8,"column":12},"end":{"line":8,"column":32}},{"start":{"line":8,"column":36},"end":{"line":8,"column":49}}],"line":8},"1":{"loc":{"start":{"line":13,"column":0},"end":{"line":17,"column":1}},"type":"if","locations":[{"start":{"line":13,"column":0},"end":{"line":17,"column":1}},{"start":{"line":15,"column":7},"end":{"line":17,"column":1}}],"line":13},"2":{"loc":{"start":{"line":23,"column":6},"end":{"line":26,"column":37}},"type":"binary-expr","locations":[{"start":{"line":23,"column":6},"end":{"line":23,"column":29}},{"start":{"line":24,"column":6},"end":{"line":24,"column":23}},{"start":{"line":25,"column":6},"end":{"line":25,"column":30}},{"start":{"line":26,"column":6},"end":{"line":26,"column":37}}],"line":23},"3":{"loc":{"start":{"line":35,"column":2},"end":{"line":37,"column":3}},"type":"if","locations":[{"start":{"line":35,"column":2},"end":{"line":37,"column":3}},{"start":{},"end":{}}],"line":35}},"s":{"0":1,"1":1,"2":1,"3":1,"4":1,"5":1,"6":1,"7":1,"8":1,"9":0,"10":1,"11":1,"12":2,"13":1,"14":1,"15":1,"16":1,"17":1,"18":1,"19":1,"20":1},"f":{"0":2,"1":1,"2":1},"b":{"0":[1,0],"1":[0,1],"2":[2,2,1,1],"3":[1,0]},"_coverageSchema":"1a1c01bbd47fc00a2c39e90264f33305004495a9","hash":"a30740dd9140a853881212cda349c5ad19ec4997"}
,"C:\\Users\\Taufik\\Documents\\rakamin\\homework\\Homework-UnitTestingDevelopment\\models\\todo.js": {"path":"C:\\Users\\Taufik\\Documents\\rakamin\\homework\\Homework-UnitTestingDevelopment\\models\\todo.js","statementMap":{"0":{"start":{"line":4,"column":4},"end":{"line":4,"column":24}},"1":{"start":{"line":5,"column":0},"end":{"line":25,"column":2}},"2":{"start":{"line":16,"column":2},"end":{"line":23,"column":5}},"3":{"start":{"line":24,"column":2},"end":{"line":24,"column":14}}},"fnMap":{"0":{"name":"(anonymous_0)","decl":{"start":{"line":5,"column":17},"end":{"line":5,"column":18}},"loc":{"start":{"line":5,"column":43},"end":{"line":25,"column":1}},"line":5},"1":{"name":"(anonymous_1)","decl":{"start":{"line":12,"column":4},"end":{"line":12,"column":5}},"loc":{"start":{"line":12,"column":29},"end":{"line":14,"column":5}},"line":12}},"branchMap":{},"s":{"0":1,"1":1,"2":1,"3":1},"f":{"0":1,"1":1},"b":{},"_coverageSchema":"1a1c01bbd47fc00a2c39e90264f33305004495a9","hash":"f57f361e1e27447d23681b6421c21eabe6af30da"}
,"C:\\Users\\Taufik\\Documents\\rakamin\\homework\\Homework-UnitTestingDevelopment\\repositories\\todo.repositories.js": {"path":"C:\\Users\\Taufik\\Documents\\rakamin\\homework\\Homework-UnitTestingDevelopment\\repositories\\todo.repositories.js","statementMap":{"0":{"start":{"line":1,"column":17},"end":{"line":1,"column":37}},"1":{"start":{"line":4,"column":19},"end":{"line":11,"column":3}},"2":{"start":{"line":5,"column":4},"end":{"line":10,"column":5}},"3":{"start":{"line":6,"column":19},"end":{"line":6,"column":44}},"4":{"start":{"line":7,"column":6},"end":{"line":7,"column":18}},"5":{"start":{"line":9,"column":6},"end":{"line":9,"column":18}},"6":{"start":{"line":13,"column":19},"end":{"line":31,"column":3}},"7":{"start":{"line":14,"column":4},"end":{"line":30,"column":5}},"8":{"start":{"line":15,"column":19},"end":{"line":19,"column":8}},"9":{"start":{"line":21,"column":6},"end":{"line":26,"column":7}},"10":{"start":{"line":22,"column":8},"end":{"line":25,"column":10}},"11":{"start":{"line":27,"column":6},"end":{"line":27,"column":18}},"12":{"start":{"line":29,"column":6},"end":{"line":29,"column":18}},"13":{"start":{"line":33,"column":18},"end":{"line":42,"column":3}},"14":{"start":{"line":34,"column":4},"end":{"line":41,"column":5}},"15":{"start":{"line":35,"column":19},"end":{"line":37,"column":8}},"16":{"start":{"line":38,"column":6},"end":{"line":38,"column":18}},"17":{"start":{"line":40,"column":6},"end":{"line":40,"column":18}},"18":{"start":{"line":44,"column":18},"end":{"line":61,"column":3}},"19":{"start":{"line":45,"column":4},"end":{"line":60,"column":5}},"20":{"start":{"line":46,"column":23},"end":{"line":50,"column":8}},"21":{"start":{"line":52,"column":6},"end":{"line":56,"column":10}},"22":{"start":{"line":53,"column":8},"end":{"line":56,"column":10}},"23":{"start":{"line":57,"column":6},"end":{"line":57,"column":34}},"24":{"start":{"line":59,"column":6},"end":{"line":59,"column":18}},"25":{"start":{"line":63,"column":18},"end":{"line":76,"column":3}},"26":{"start":{"line":64,"column":4},"end":{"line":75,"column":5}},"27":{"start":{"line":65,"column":23},"end":{"line":65,"column":45}},"28":{"start":{"line":67,"column":6},"end":{"line":71,"column":10}},"29":{"start":{"line":68,"column":8},"end":{"line":71,"column":10}},"30":{"start":{"line":72,"column":6},"end":{"line":72,"column":31}},"31":{"start":{"line":74,"column":6},"end":{"line":74,"column":18}},"32":{"start":{"line":79,"column":0},"end":{"line":79,"column":34}}},"fnMap":{"0":{"name":"(anonymous_0)","decl":{"start":{"line":4,"column":19},"end":{"line":4,"column":20}},"loc":{"start":{"line":4,"column":36},"end":{"line":11,"column":3}},"line":4},"1":{"name":"(anonymous_1)","decl":{"start":{"line":13,"column":19},"end":{"line":13,"column":20}},"loc":{"start":{"line":13,"column":33},"end":{"line":31,"column":3}},"line":13},"2":{"name":"(anonymous_2)","decl":{"start":{"line":33,"column":18},"end":{"line":33,"column":19}},"loc":{"start":{"line":33,"column":35},"end":{"line":42,"column":3}},"line":33},"3":{"name":"(anonymous_3)","decl":{"start":{"line":44,"column":18},"end":{"line":44,"column":19}},"loc":{"start":{"line":44,"column":38},"end":{"line":61,"column":3}},"line":44},"4":{"name":"(anonymous_4)","decl":{"start":{"line":63,"column":18},"end":{"line":63,"column":19}},"loc":{"start":{"line":63,"column":32},"end":{"line":76,"column":3}},"line":63}},"branchMap":{"0":{"loc":{"start":{"line":21,"column":6},"end":{"line":26,"column":7}},"type":"if","locations":[{"start":{"line":21,"column":6},"end":{"line":26,"column":7}},{"start":{},"end":{}}],"line":21},"1":{"loc":{"start":{"line":52,"column":6},"end":{"line":56,"column":10}},"type":"if","locations":[{"start":{"line":52,"column":6},"end":{"line":56,"column":10}},{"start":{},"end":{}}],"line":52},"2":{"loc":{"start":{"line":67,"column":6},"end":{"line":71,"column":10}},"type":"if","locations":[{"start":{"line":67,"column":6},"end":{"line":71,"column":10}},{"start":{},"end":{}}],"line":67}},"s":{"0":1,"1":1,"2":1,"3":1,"4":1,"5":0,"6":1,"7":2,"8":2,"9":2,"10":1,"11":1,"12":1,"13":1,"14":1,"15":1,"16":1,"17":0,"18":1,"19":2,"20":2,"21":2,"22":1,"23":1,"24":1,"25":1,"26":2,"27":2,"28":2,"29":1,"30":1,"31":1,"32":1},"f":{"0":1,"1":2,"2":1,"3":2,"4":2},"b":{"0":[1,1],"1":[1,1],"2":[1,1]},"_coverageSchema":"1a1c01bbd47fc00a2c39e90264f33305004495a9","hash":"5c5a557cbcd8c2cb5dabf8a89b82b43bee5e658b"}
,"C:\\Users\\Taufik\\Documents\\rakamin\\homework\\Homework-UnitTestingDevelopment\\routes\\main.route.js": {"path":"C:\\Users\\Taufik\\Documents\\rakamin\\homework\\Homework-UnitTestingDevelopment\\routes\\main.route.js","statementMap":{"0":{"start":{"line":1,"column":16},"end":{"line":1,"column":34}},"1":{"start":{"line":2,"column":14},"end":{"line":2,"column":30}},"2":{"start":{"line":3,"column":17},"end":{"line":3,"column":40}},"3":{"start":{"line":5,"column":0},"end":{"line":5,"column":33}},"4":{"start":{"line":7,"column":0},"end":{"line":7,"column":23}}},"fnMap":{},"branchMap":{},"s":{"0":1,"1":1,"2":1,"3":1,"4":1},"f":{},"b":{},"_coverageSchema":"1a1c01bbd47fc00a2c39e90264f33305004495a9","hash":"acd1d9c89714315bebb29ba4d5e85dbbdeafe6c3"}
,"C:\\Users\\Taufik\\Documents\\rakamin\\homework\\Homework-UnitTestingDevelopment\\routes\\todo.route.js": {"path":"C:\\Users\\Taufik\\Documents\\rakamin\\homework\\Homework-UnitTestingDevelopment\\routes\\todo.route.js","statementMap":{"0":{"start":{"line":1,"column":16},"end":{"line":1,"column":34}},"1":{"start":{"line":2,"column":14},"end":{"line":2,"column":30}},"2":{"start":{"line":3,"column":23},"end":{"line":3,"column":64}},"3":{"start":{"line":5,"column":0},"end":{"line":5,"column":39}},"4":{"start":{"line":6,"column":0},"end":{"line":6,"column":42}},"5":{"start":{"line":7,"column":0},"end":{"line":7,"column":39}},"6":{"start":{"line":8,"column":0},"end":{"line":8,"column":41}},"7":{"start":{"line":9,"column":0},"end":{"line":9,"column":44}},"8":{"start":{"line":11,"column":0},"end":{"line":11,"column":23}}},"fnMap":{},"branchMap":{},"s":{"0":1,"1":1,"2":1,"3":1,"4":1,"5":1,"6":1,"7":1,"8":1},"f":{},"b":{},"_coverageSchema":"1a1c01bbd47fc00a2c39e90264f33305004495a9","hash":"a964a3b79276266f02e0e09631b1088bf2d1a876"}
,"C:\\Users\\Taufik\\Documents\\rakamin\\homework\\Homework-UnitTestingDevelopment\\services\\todo.services.js": {"path":"C:\\Users\\Taufik\\Documents\\rakamin\\homework\\Homework-UnitTestingDevelopment\\services\\todo.services.js","statementMap":{"0":{"start":{"line":1,"column":25},"end":{"line":1,"column":69}},"1":{"start":{"line":3,"column":19},"end":{"line":15,"column":3}},"2":{"start":{"line":4,"column":4},"end":{"line":14,"column":5}},"3":{"start":{"line":5,"column":19},"end":{"line":5,"column":56}},"4":{"start":{"line":6,"column":21},"end":{"line":10,"column":7}},"5":{"start":{"line":11,"column":6},"end":{"line":11,"column":20}},"6":{"start":{"line":13,"column":6},"end":{"line":13,"column":18}},"7":{"start":{"line":17,"column":19},"end":{"line":29,"column":3}},"8":{"start":{"line":18,"column":4},"end":{"line":28,"column":5}},"9":{"start":{"line":19,"column":19},"end":{"line":19,"column":56}},"10":{"start":{"line":20,"column":21},"end":{"line":24,"column":7}},"11":{"start":{"line":25,"column":6},"end":{"line":25,"column":20}},"12":{"start":{"line":27,"column":6},"end":{"line":27,"column":18}},"13":{"start":{"line":31,"column":18},"end":{"line":43,"column":3}},"14":{"start":{"line":32,"column":4},"end":{"line":42,"column":5}},"15":{"start":{"line":33,"column":19},"end":{"line":33,"column":55}},"16":{"start":{"line":34,"column":21},"end":{"line":38,"column":7}},"17":{"start":{"line":39,"column":6},"end":{"line":39,"column":20}},"18":{"start":{"line":41,"column":6},"end":{"line":41,"column":18}},"19":{"start":{"line":45,"column":18},"end":{"line":57,"column":3}},"20":{"start":{"line":46,"column":4},"end":{"line":56,"column":5}},"21":{"start":{"line":47,"column":27},"end":{"line":47,"column":33}},"22":{"start":{"line":48,"column":6},"end":{"line":48,"column":46}},"23":{"start":{"line":49,"column":21},"end":{"line":52,"column":7}},"24":{"start":{"line":53,"column":6},"end":{"line":53,"column":20}},"25":{"start":{"line":55,"column":6},"end":{"line":55,"column":18}},"26":{"start":{"line":59,"column":18},"end":{"line":75,"column":3}},"27":{"start":{"line":60,"column":4},"end":{"line":74,"column":5}},"28":{"start":{"line":61,"column":26},"end":{"line":65,"column":7}},"29":{"start":{"line":66,"column":6},"end":{"line":66,"column":49}},"30":{"start":{"line":67,"column":21},"end":{"line":70,"column":7}},"31":{"start":{"line":71,"column":6},"end":{"line":71,"column":20}},"32":{"start":{"line":73,"column":6},"end":{"line":73,"column":18}},"33":{"start":{"line":78,"column":0},"end":{"line":78,"column":30}}},"fnMap":{"0":{"name":"(anonymous_0)","decl":{"start":{"line":3,"column":19},"end":{"line":3,"column":20}},"loc":{"start":{"line":3,"column":36},"end":{"line":15,"column":3}},"line":3},"1":{"name":"(anonymous_1)","decl":{"start":{"line":17,"column":19},"end":{"line":17,"column":20}},"loc":{"start":{"line":17,"column":36},"end":{"line":29,"column":3}},"line":17},"2":{"name":"(anonymous_2)","decl":{"start":{"line":31,"column":18},"end":{"line":31,"column":19}},"loc":{"start":{"line":31,"column":35},"end":{"line":43,"column":3}},"line":31},"3":{"name":"(anonymous_3)","decl":{"start":{"line":45,"column":18},"end":{"line":45,"column":19}},"loc":{"start":{"line":45,"column":36},"end":{"line":57,"column":3}},"line":45},"4":{"name":"(anonymous_4)","decl":{"start":{"line":59,"column":18},"end":{"line":59,"column":19}},"loc":{"start":{"line":59,"column":32},"end":{"line":75,"column":3}},"line":59}},"branchMap":{},"s":{"0":1,"1":1,"2":1,"3":1,"4":1,"5":1,"6":0,"7":1,"8":2,"9":2,"10":1,"11":1,"12":1,"13":1,"14":1,"15":1,"16":1,"17":1,"18":0,"19":1,"20":2,"21":2,"22":2,"23":1,"24":1,"25":1,"26":1,"27":2,"28":2,"29":2,"30":1,"31":1,"32":1,"33":1},"f":{"0":1,"1":2,"2":1,"3":2,"4":2},"b":{},"_coverageSchema":"1a1c01bbd47fc00a2c39e90264f33305004495a9","hash":"0af852b02aeaa0a67cdac575f6ae0fce76ee0dbc"}
}
