{"C:\\Users\\hp\\Documents\\bootcamp rakamin\\homework\\03.maret\\week 3\\Homework-UnitTestingDevelopment\\app.js": {"path":"C:\\Users\\hp\\Documents\\bootcamp rakamin\\homework\\03.maret\\week 3\\Homework-UnitTestingDevelopment\\app.js","statementMap":{"0":{"start":{"line":1,"column":0},"end":{"line":1,"column":27}},"1":{"start":{"line":2,"column":16},"end":{"line":2,"column":34}},"2":{"start":{"line":3,"column":12},"end":{"line":3,"column":21}},"3":{"start":{"line":4,"column":13},"end":{"line":4,"column":17}},"4":{"start":{"line":5,"column":14},"end":{"line":5,"column":44}},"5":{"start":{"line":6,"column":21},"end":{"line":6,"column":58}},"6":{"start":{"line":8,"column":0},"end":{"line":8,"column":24}},"7":{"start":{"line":9,"column":0},"end":{"line":11,"column":4}},"8":{"start":{"line":12,"column":0},"end":{"line":12,"column":15}},"9":{"start":{"line":13,"column":0},"end":{"line":13,"column":22}},"10":{"start":{"line":15,"column":0},"end":{"line":19,"column":1}},"11":{"start":{"line":16,"column":4},"end":{"line":18,"column":6}},"12":{"start":{"line":17,"column":8},"end":{"line":17,"column":66}},"13":{"start":{"line":21,"column":0},"end":{"line":21,"column":21}}},"fnMap":{"0":{"name":"(anonymous_0)","decl":{"start":{"line":16,"column":21},"end":{"line":16,"column":22}},"loc":{"start":{"line":16,"column":27},"end":{"line":18,"column":5}},"line":16}},"branchMap":{"0":{"loc":{"start":{"line":15,"column":0},"end":{"line":19,"column":1}},"type":"if","locations":[{"start":{"line":15,"column":0},"end":{"line":19,"column":1}},{"start":{},"end":{}}],"line":15}},"s":{"0":1,"1":1,"2":1,"3":1,"4":1,"5":1,"6":1,"7":1,"8":1,"9":1,"10":1,"11":0,"12":0,"13":1},"f":{"0":0},"b":{"0":[0,1]},"_coverageSchema":"1a1c01bbd47fc00a2c39e90264f33305004495a9","hash":"7edc06f0cc0f098d1a2c04bb96a87ab1102aa611"}
,"C:\\Users\\hp\\Documents\\bootcamp rakamin\\homework\\03.maret\\week 3\\Homework-UnitTestingDevelopment\\config\\config.js": {"path":"C:\\Users\\hp\\Documents\\bootcamp rakamin\\homework\\03.maret\\week 3\\Homework-UnitTestingDevelopment\\config\\config.js","statementMap":{"0":{"start":{"line":1,"column":0},"end":{"line":1,"column":27}},"1":{"start":{"line":2,"column":15},"end":{"line":24,"column":1}},"2":{"start":{"line":26,"column":0},"end":{"line":26,"column":24}}},"fnMap":{},"branchMap":{},"s":{"0":1,"1":1,"2":1},"f":{},"b":{},"_coverageSchema":"1a1c01bbd47fc00a2c39e90264f33305004495a9","hash":"fe7999793ec18dc17cd563d2f60641a005bf7067"}
,"C:\\Users\\hp\\Documents\\bootcamp rakamin\\homework\\03.maret\\week 3\\Homework-UnitTestingDevelopment\\controllers\\todo.controller.js": {"path":"C:\\Users\\hp\\Documents\\bootcamp rakamin\\homework\\03.maret\\week 3\\Homework-UnitTestingDevelopment\\controllers\\todo.controller.js","statementMap":{"0":{"start":{"line":1,"column":21},"end":{"line":1,"column":57}},"1":{"start":{"line":3,"column":21},"end":{"line":10,"column":5}},"2":{"start":{"line":4,"column":8},"end":{"line":9,"column":9}},"3":{"start":{"line":5,"column":25},"end":{"line":5,"column":62}},"4":{"start":{"line":6,"column":12},"end":{"line":6,"column":27}},"5":{"start":{"line":8,"column":12},"end":{"line":8,"column":24}},"6":{"start":{"line":12,"column":20},"end":{"line":19,"column":5}},"7":{"start":{"line":13,"column":8},"end":{"line":18,"column":9}},"8":{"start":{"line":14,"column":25},"end":{"line":14,"column":60}},"9":{"start":{"line":15,"column":12},"end":{"line":15,"column":27}},"10":{"start":{"line":17,"column":12},"end":{"line":17,"column":24}},"11":{"start":{"line":21,"column":20},"end":{"line":32,"column":5}},"12":{"start":{"line":22,"column":8},"end":{"line":31,"column":9}},"13":{"start":{"line":23,"column":27},"end":{"line":26,"column":13}},"14":{"start":{"line":27,"column":25},"end":{"line":27,"column":58}},"15":{"start":{"line":28,"column":12},"end":{"line":28,"column":27}},"16":{"start":{"line":30,"column":12},"end":{"line":30,"column":24}},"17":{"start":{"line":34,"column":20},"end":{"line":41,"column":5}},"18":{"start":{"line":35,"column":8},"end":{"line":40,"column":9}},"19":{"start":{"line":36,"column":25},"end":{"line":36,"column":65}},"20":{"start":{"line":37,"column":12},"end":{"line":37,"column":27}},"21":{"start":{"line":39,"column":12},"end":{"line":39,"column":24}},"22":{"start":{"line":44,"column":0},"end":{"line":44,"column":32}}},"fnMap":{"0":{"name":"(anonymous_0)","decl":{"start":{"line":3,"column":21},"end":{"line":3,"column":22}},"loc":{"start":{"line":3,"column":47},"end":{"line":10,"column":5}},"line":3},"1":{"name":"(anonymous_1)","decl":{"start":{"line":12,"column":20},"end":{"line":12,"column":21}},"loc":{"start":{"line":12,"column":46},"end":{"line":19,"column":5}},"line":12},"2":{"name":"(anonymous_2)","decl":{"start":{"line":21,"column":20},"end":{"line":21,"column":21}},"loc":{"start":{"line":21,"column":46},"end":{"line":32,"column":5}},"line":21},"3":{"name":"(anonymous_3)","decl":{"start":{"line":34,"column":20},"end":{"line":34,"column":21}},"loc":{"start":{"line":34,"column":46},"end":{"line":41,"column":5}},"line":34}},"branchMap":{},"s":{"0":1,"1":1,"2":0,"3":0,"4":0,"5":0,"6":1,"7":1,"8":1,"9":0,"10":1,"11":1,"12":0,"13":0,"14":0,"15":0,"16":0,"17":1,"18":0,"19":0,"20":0,"21":0,"22":1},"f":{"0":0,"1":1,"2":0,"3":0},"b":{},"_coverageSchema":"1a1c01bbd47fc00a2c39e90264f33305004495a9","hash":"b33d8721ea3587561d07a9901c3b5acdf8d4f24b"}
,"C:\\Users\\hp\\Documents\\bootcamp rakamin\\homework\\03.maret\\week 3\\Homework-UnitTestingDevelopment\\middlewares\\errorHandler.js": {"path":"C:\\Users\\hp\\Documents\\bootcamp rakamin\\homework\\03.maret\\week 3\\Homework-UnitTestingDevelopment\\middlewares\\errorHandler.js","statementMap":{"0":{"start":{"line":1,"column":21},"end":{"line":9,"column":1}},"1":{"start":{"line":2,"column":4},"end":{"line":8,"column":5}},"2":{"start":{"line":3,"column":8},"end":{"line":7,"column":10}},"3":{"start":{"line":11,"column":0},"end":{"line":11,"column":30}}},"fnMap":{"0":{"name":"(anonymous_0)","decl":{"start":{"line":1,"column":21},"end":{"line":1,"column":22}},"loc":{"start":{"line":1,"column":46},"end":{"line":9,"column":1}},"line":1}},"branchMap":{"0":{"loc":{"start":{"line":2,"column":4},"end":{"line":8,"column":5}},"type":"if","locations":[{"start":{"line":2,"column":4},"end":{"line":8,"column":5}},{"start":{},"end":{}}],"line":2}},"s":{"0":1,"1":1,"2":0,"3":1},"f":{"0":1},"b":{"0":[0,1]},"_coverageSchema":"1a1c01bbd47fc00a2c39e90264f33305004495a9","hash":"c5915430333ebcd23bae972047d213c966bdc007"}
,"C:\\Users\\hp\\Documents\\bootcamp rakamin\\homework\\03.maret\\week 3\\Homework-UnitTestingDevelopment\\models\\index.js": {"path":"C:\\Users\\hp\\Documents\\bootcamp rakamin\\homework\\03.maret\\week 3\\Homework-UnitTestingDevelopment\\models\\index.js","statementMap":{"0":{"start":{"line":3,"column":11},"end":{"line":3,"column":24}},"1":{"start":{"line":4,"column":13},"end":{"line":4,"column":28}},"2":{"start":{"line":5,"column":18},"end":{"line":5,"column":38}},"3":{"start":{"line":6,"column":16},"end":{"line":6,"column":34}},"4":{"start":{"line":7,"column":17},"end":{"line":7,"column":42}},"5":{"start":{"line":8,"column":12},"end":{"line":8,"column":49}},"6":{"start":{"line":9,"column":15},"end":{"line":9,"column":63}},"7":{"start":{"line":10,"column":11},"end":{"line":10,"column":13}},"8":{"start":{"line":13,"column":0},"end":{"line":17,"column":1}},"9":{"start":{"line":14,"column":2},"end":{"line":14,"column":74}},"10":{"start":{"line":16,"column":2},"end":{"line":16,"column":87}},"11":{"start":{"line":19,"column":0},"end":{"line":32,"column":5}},"12":{"start":{"line":22,"column":4},"end":{"line":27,"column":6}},"13":{"start":{"line":30,"column":18},"end":{"line":30,"column":85}},"14":{"start":{"line":31,"column":4},"end":{"line":31,"column":27}},"15":{"start":{"line":34,"column":0},"end":{"line":38,"column":3}},"16":{"start":{"line":35,"column":2},"end":{"line":37,"column":3}},"17":{"start":{"line":36,"column":4},"end":{"line":36,"column":32}},"18":{"start":{"line":40,"column":0},"end":{"line":40,"column":25}},"19":{"start":{"line":41,"column":0},"end":{"line":41,"column":25}},"20":{"start":{"line":43,"column":0},"end":{"line":43,"column":20}}},"fnMap":{"0":{"name":"(anonymous_0)","decl":{"start":{"line":21,"column":10},"end":{"line":21,"column":11}},"loc":{"start":{"line":21,"column":18},"end":{"line":28,"column":3}},"line":21},"1":{"name":"(anonymous_1)","decl":{"start":{"line":29,"column":11},"end":{"line":29,"column":12}},"loc":{"start":{"line":29,"column":19},"end":{"line":32,"column":3}},"line":29},"2":{"name":"(anonymous_2)","decl":{"start":{"line":34,"column":24},"end":{"line":34,"column":25}},"loc":{"start":{"line":34,"column":37},"end":{"line":38,"column":1}},"line":34}},"branchMap":{"0":{"loc":{"start":{"line":8,"column":12},"end":{"line":8,"column":49}},"type":"binary-expr","locations":[{"start":{"line":8,"column":12},"end":{"line":8,"column":32}},{"start":{"line":8,"column":36},"end":{"line":8,"column":49}}],"line":8},"1":{"loc":{"start":{"line":13,"column":0},"end":{"line":17,"column":1}},"type":"if","locations":[{"start":{"line":13,"column":0},"end":{"line":17,"column":1}},{"start":{"line":15,"column":7},"end":{"line":17,"column":1}}],"line":13},"2":{"loc":{"start":{"line":23,"column":6},"end":{"line":26,"column":37}},"type":"binary-expr","locations":[{"start":{"line":23,"column":6},"end":{"line":23,"column":29}},{"start":{"line":24,"column":6},"end":{"line":24,"column":23}},{"start":{"line":25,"column":6},"end":{"line":25,"column":30}},{"start":{"line":26,"column":6},"end":{"line":26,"column":37}}],"line":23},"3":{"loc":{"start":{"line":35,"column":2},"end":{"line":37,"column":3}},"type":"if","locations":[{"start":{"line":35,"column":2},"end":{"line":37,"column":3}},{"start":{},"end":{}}],"line":35}},"s":{"0":1,"1":1,"2":1,"3":1,"4":1,"5":1,"6":1,"7":1,"8":1,"9":0,"10":1,"11":1,"12":2,"13":1,"14":1,"15":1,"16":1,"17":1,"18":1,"19":1,"20":1},"f":{"0":2,"1":1,"2":1},"b":{"0":[1,0],"1":[0,1],"2":[2,2,1,1],"3":[1,0]},"_coverageSchema":"1a1c01bbd47fc00a2c39e90264f33305004495a9","hash":"2043d7c81e489ed2f3b32df7ec944d573fe4435b"}
,"C:\\Users\\hp\\Documents\\bootcamp rakamin\\homework\\03.maret\\week 3\\Homework-UnitTestingDevelopment\\models\\todo.js": {"path":"C:\\Users\\hp\\Documents\\bootcamp rakamin\\homework\\03.maret\\week 3\\Homework-UnitTestingDevelopment\\models\\todo.js","statementMap":{"0":{"start":{"line":4,"column":4},"end":{"line":4,"column":24}},"1":{"start":{"line":5,"column":0},"end":{"line":23,"column":2}},"2":{"start":{"line":16,"column":2},"end":{"line":21,"column":5}},"3":{"start":{"line":22,"column":2},"end":{"line":22,"column":14}}},"fnMap":{"0":{"name":"(anonymous_0)","decl":{"start":{"line":5,"column":17},"end":{"line":5,"column":18}},"loc":{"start":{"line":5,"column":43},"end":{"line":23,"column":1}},"line":5},"1":{"name":"(anonymous_1)","decl":{"start":{"line":12,"column":4},"end":{"line":12,"column":5}},"loc":{"start":{"line":12,"column":29},"end":{"line":14,"column":5}},"line":12}},"branchMap":{},"s":{"0":1,"1":1,"2":1,"3":1},"f":{"0":1,"1":1},"b":{},"_coverageSchema":"1a1c01bbd47fc00a2c39e90264f33305004495a9","hash":"a1a37d145dbe635c1413d63ea925813ad080ebf1"}
,"C:\\Users\\hp\\Documents\\bootcamp rakamin\\homework\\03.maret\\week 3\\Homework-UnitTestingDevelopment\\repositories\\todo.repositories.js": {"path":"C:\\Users\\hp\\Documents\\bootcamp rakamin\\homework\\03.maret\\week 3\\Homework-UnitTestingDevelopment\\repositories\\todo.repositories.js","statementMap":{"0":{"start":{"line":3,"column":4},"end":{"line":3,"column":24}},"1":{"start":{"line":6,"column":21},"end":{"line":13,"column":5}},"2":{"start":{"line":7,"column":8},"end":{"line":12,"column":9}},"3":{"start":{"line":8,"column":25},"end":{"line":8,"column":50}},"4":{"start":{"line":9,"column":12},"end":{"line":9,"column":24}},"5":{"start":{"line":11,"column":12},"end":{"line":11,"column":24}},"6":{"start":{"line":15,"column":20},"end":{"line":24,"column":5}},"7":{"start":{"line":16,"column":8},"end":{"line":23,"column":9}},"8":{"start":{"line":17,"column":25},"end":{"line":19,"column":14}},"9":{"start":{"line":20,"column":12},"end":{"line":20,"column":24}},"10":{"start":{"line":22,"column":12},"end":{"line":22,"column":24}},"11":{"start":{"line":26,"column":20},"end":{"line":43,"column":5}},"12":{"start":{"line":27,"column":8},"end":{"line":42,"column":9}},"13":{"start":{"line":28,"column":29},"end":{"line":32,"column":14}},"14":{"start":{"line":34,"column":12},"end":{"line":38,"column":18}},"15":{"start":{"line":35,"column":16},"end":{"line":38,"column":18}},"16":{"start":{"line":39,"column":12},"end":{"line":39,"column":40}},"17":{"start":{"line":41,"column":12},"end":{"line":41,"column":24}},"18":{"start":{"line":45,"column":20},"end":{"line":58,"column":5}},"19":{"start":{"line":46,"column":8},"end":{"line":57,"column":9}},"20":{"start":{"line":47,"column":29},"end":{"line":47,"column":51}},"21":{"start":{"line":49,"column":12},"end":{"line":53,"column":18}},"22":{"start":{"line":50,"column":16},"end":{"line":53,"column":18}},"23":{"start":{"line":54,"column":12},"end":{"line":54,"column":37}},"24":{"start":{"line":56,"column":12},"end":{"line":56,"column":24}},"25":{"start":{"line":61,"column":0},"end":{"line":61,"column":34}}},"fnMap":{"0":{"name":"(anonymous_0)","decl":{"start":{"line":6,"column":21},"end":{"line":6,"column":22}},"loc":{"start":{"line":6,"column":38},"end":{"line":13,"column":5}},"line":6},"1":{"name":"(anonymous_1)","decl":{"start":{"line":15,"column":20},"end":{"line":15,"column":21}},"loc":{"start":{"line":15,"column":37},"end":{"line":24,"column":5}},"line":15},"2":{"name":"(anonymous_2)","decl":{"start":{"line":26,"column":20},"end":{"line":26,"column":21}},"loc":{"start":{"line":26,"column":40},"end":{"line":43,"column":5}},"line":26},"3":{"name":"(anonymous_3)","decl":{"start":{"line":45,"column":20},"end":{"line":45,"column":21}},"loc":{"start":{"line":45,"column":34},"end":{"line":58,"column":5}},"line":45}},"branchMap":{"0":{"loc":{"start":{"line":34,"column":12},"end":{"line":38,"column":18}},"type":"if","locations":[{"start":{"line":34,"column":12},"end":{"line":38,"column":18}},{"start":{},"end":{}}],"line":34},"1":{"loc":{"start":{"line":49,"column":12},"end":{"line":53,"column":18}},"type":"if","locations":[{"start":{"line":49,"column":12},"end":{"line":53,"column":18}},{"start":{},"end":{}}],"line":49}},"s":{"0":1,"1":1,"2":0,"3":0,"4":0,"5":0,"6":1,"7":1,"8":1,"9":0,"10":1,"11":1,"12":0,"13":0,"14":0,"15":0,"16":0,"17":0,"18":1,"19":0,"20":0,"21":0,"22":0,"23":0,"24":0,"25":1},"f":{"0":0,"1":1,"2":0,"3":0},"b":{"0":[0,0],"1":[0,0]},"_coverageSchema":"1a1c01bbd47fc00a2c39e90264f33305004495a9","hash":"bca0317fb1233280e3eafd5b04df19d59002fa31"}
,"C:\\Users\\hp\\Documents\\bootcamp rakamin\\homework\\03.maret\\week 3\\Homework-UnitTestingDevelopment\\routes\\main.route.js": {"path":"C:\\Users\\hp\\Documents\\bootcamp rakamin\\homework\\03.maret\\week 3\\Homework-UnitTestingDevelopment\\routes\\main.route.js","statementMap":{"0":{"start":{"line":1,"column":16},"end":{"line":1,"column":34}},"1":{"start":{"line":2,"column":14},"end":{"line":2,"column":30}},"2":{"start":{"line":3,"column":17},"end":{"line":3,"column":40}},"3":{"start":{"line":5,"column":0},"end":{"line":5,"column":33}},"4":{"start":{"line":7,"column":0},"end":{"line":7,"column":23}}},"fnMap":{},"branchMap":{},"s":{"0":1,"1":1,"2":1,"3":1,"4":1},"f":{},"b":{},"_coverageSchema":"1a1c01bbd47fc00a2c39e90264f33305004495a9","hash":"a813dca27714c7ce7f989d8be14e6be87c92a685"}
,"C:\\Users\\hp\\Documents\\bootcamp rakamin\\homework\\03.maret\\week 3\\Homework-UnitTestingDevelopment\\routes\\todo.route.js": {"path":"C:\\Users\\hp\\Documents\\bootcamp rakamin\\homework\\03.maret\\week 3\\Homework-UnitTestingDevelopment\\routes\\todo.route.js","statementMap":{"0":{"start":{"line":1,"column":16},"end":{"line":1,"column":34}},"1":{"start":{"line":2,"column":14},"end":{"line":2,"column":30}},"2":{"start":{"line":3,"column":23},"end":{"line":3,"column":64}},"3":{"start":{"line":6,"column":0},"end":{"line":6,"column":39}},"4":{"start":{"line":7,"column":0},"end":{"line":7,"column":39}},"5":{"start":{"line":8,"column":0},"end":{"line":8,"column":41}},"6":{"start":{"line":9,"column":0},"end":{"line":9,"column":44}},"7":{"start":{"line":12,"column":0},"end":{"line":12,"column":23}}},"fnMap":{},"branchMap":{},"s":{"0":1,"1":1,"2":1,"3":1,"4":1,"5":1,"6":1,"7":1},"f":{},"b":{},"_coverageSchema":"1a1c01bbd47fc00a2c39e90264f33305004495a9","hash":"b4de284ca2b3e5c08f8ea2de88522fee74cd179b"}
,"C:\\Users\\hp\\Documents\\bootcamp rakamin\\homework\\03.maret\\week 3\\Homework-UnitTestingDevelopment\\services\\todo.services.js": {"path":"C:\\Users\\hp\\Documents\\bootcamp rakamin\\homework\\03.maret\\week 3\\Homework-UnitTestingDevelopment\\services\\todo.services.js","statementMap":{"0":{"start":{"line":1,"column":25},"end":{"line":1,"column":69}},"1":{"start":{"line":3,"column":21},"end":{"line":15,"column":5}},"2":{"start":{"line":4,"column":8},"end":{"line":14,"column":9}},"3":{"start":{"line":5,"column":25},"end":{"line":5,"column":62}},"4":{"start":{"line":6,"column":27},"end":{"line":10,"column":13}},"5":{"start":{"line":11,"column":12},"end":{"line":11,"column":26}},"6":{"start":{"line":13,"column":12},"end":{"line":13,"column":24}},"7":{"start":{"line":17,"column":20},"end":{"line":29,"column":5}},"8":{"start":{"line":18,"column":8},"end":{"line":28,"column":9}},"9":{"start":{"line":19,"column":25},"end":{"line":19,"column":61}},"10":{"start":{"line":20,"column":27},"end":{"line":24,"column":13}},"11":{"start":{"line":25,"column":12},"end":{"line":25,"column":26}},"12":{"start":{"line":27,"column":12},"end":{"line":27,"column":24}},"13":{"start":{"line":31,"column":20},"end":{"line":46,"column":5}},"14":{"start":{"line":32,"column":8},"end":{"line":45,"column":9}},"15":{"start":{"line":36,"column":16},"end":{"line":36,"column":22}},"16":{"start":{"line":37,"column":12},"end":{"line":37,"column":52}},"17":{"start":{"line":38,"column":27},"end":{"line":41,"column":13}},"18":{"start":{"line":42,"column":12},"end":{"line":42,"column":26}},"19":{"start":{"line":44,"column":12},"end":{"line":44,"column":24}},"20":{"start":{"line":48,"column":20},"end":{"line":64,"column":5}},"21":{"start":{"line":49,"column":8},"end":{"line":63,"column":9}},"22":{"start":{"line":50,"column":32},"end":{"line":54,"column":13}},"23":{"start":{"line":55,"column":12},"end":{"line":55,"column":55}},"24":{"start":{"line":56,"column":27},"end":{"line":59,"column":13}},"25":{"start":{"line":60,"column":12},"end":{"line":60,"column":26}},"26":{"start":{"line":62,"column":12},"end":{"line":62,"column":24}},"27":{"start":{"line":67,"column":0},"end":{"line":67,"column":30}}},"fnMap":{"0":{"name":"(anonymous_0)","decl":{"start":{"line":3,"column":21},"end":{"line":3,"column":22}},"loc":{"start":{"line":3,"column":38},"end":{"line":15,"column":5}},"line":3},"1":{"name":"(anonymous_1)","decl":{"start":{"line":17,"column":20},"end":{"line":17,"column":21}},"loc":{"start":{"line":17,"column":37},"end":{"line":29,"column":5}},"line":17},"2":{"name":"(anonymous_2)","decl":{"start":{"line":31,"column":20},"end":{"line":31,"column":21}},"loc":{"start":{"line":31,"column":38},"end":{"line":46,"column":5}},"line":31},"3":{"name":"(anonymous_3)","decl":{"start":{"line":48,"column":20},"end":{"line":48,"column":21}},"loc":{"start":{"line":48,"column":34},"end":{"line":64,"column":5}},"line":48}},"branchMap":{},"s":{"0":1,"1":1,"2":0,"3":0,"4":0,"5":0,"6":0,"7":1,"8":1,"9":1,"10":0,"11":0,"12":1,"13":1,"14":0,"15":0,"16":0,"17":0,"18":0,"19":0,"20":1,"21":0,"22":0,"23":0,"24":0,"25":0,"26":0,"27":1},"f":{"0":0,"1":1,"2":0,"3":0},"b":{},"_coverageSchema":"1a1c01bbd47fc00a2c39e90264f33305004495a9","hash":"cc5602987905466776d9dd02e293bad5e3959364"}
}
