TN:
SF:app.js
FN:16,(anonymous_0)
FNF:1
FNH:0
FNDA:0,(anonymous_0)
DA:1,1
DA:2,1
DA:3,1
DA:4,1
DA:5,1
DA:6,1
DA:8,1
DA:9,1
DA:12,1
DA:13,1
DA:15,1
DA:16,0
DA:17,0
DA:21,1
LF:14
LH:12
BRDA:15,0,0,0
BRDA:15,0,1,1
BRF:2
BRH:1
end_of_record
TN:
SF:config\config.js
FNF:0
FNH:0
DA:1,1
DA:2,1
DA:26,1
LF:3
LH:3
BRF:0
BRH:0
end_of_record
TN:
SF:controllers\todo.controller.js
FN:3,(anonymous_0)
FN:12,(anonymous_1)
FN:21,(anonymous_2)
FN:34,(anonymous_3)
FNF:4
FNH:1
FNDA:0,(anonymous_0)
FNDA:1,(anonymous_1)
FNDA:0,(anonymous_2)
FNDA:0,(anonymous_3)
DA:1,1
DA:3,1
DA:4,0
DA:5,0
DA:6,0
DA:8,0
DA:12,1
DA:13,1
DA:14,1
DA:15,1
DA:17,0
DA:21,1
DA:22,0
DA:23,0
DA:27,0
DA:28,0
DA:30,0
DA:34,1
DA:35,0
DA:36,0
DA:37,0
DA:39,0
DA:44,1
LF:23
LH:9
BRF:0
BRH:0
end_of_record
TN:
SF:middlewares\errorHandler.js
FN:1,(anonymous_0)
FNF:1
FNH:0
FNDA:0,(anonymous_0)
DA:1,1
DA:2,0
DA:3,0
DA:11,1
LF:4
LH:2
BRDA:2,0,0,0
BRDA:2,0,1,0
BRF:2
BRH:0
end_of_record
TN:
SF:models\index.js
FN:21,(anonymous_0)
FN:29,(anonymous_1)
FN:34,(anonymous_2)
FNF:3
FNH:3
FNDA:2,(anonymous_0)
FNDA:1,(anonymous_1)
FNDA:1,(anonymous_2)
DA:3,1
DA:4,1
DA:5,1
DA:6,1
DA:7,1
DA:8,1
DA:9,1
DA:10,1
DA:13,1
DA:14,0
DA:16,1
DA:19,1
DA:22,2
DA:30,1
DA:31,1
DA:34,1
DA:35,1
DA:36,1
DA:40,1
DA:41,1
DA:43,1
LF:21
LH:20
BRDA:8,0,0,1
BRDA:8,0,1,0
BRDA:13,1,0,0
BRDA:13,1,1,1
BRDA:23,2,0,2
BRDA:23,2,1,2
BRDA:23,2,2,1
BRDA:23,2,3,1
BRDA:35,3,0,1
BRDA:35,3,1,0
BRF:10
BRH:7
end_of_record
TN:
SF:models\todo.js
FN:5,(anonymous_0)
FN:12,(anonymous_1)
FNF:2
FNH:2
FNDA:1,(anonymous_0)
FNDA:1,(anonymous_1)
DA:4,1
DA:5,1
DA:16,1
DA:24,1
LF:4
LH:4
BRF:0
BRH:0
end_of_record
TN:
SF:repositories\todo.repositories.js
FN:6,(anonymous_0)
FN:15,(anonymous_1)
FN:26,(anonymous_2)
FN:45,(anonymous_3)
FNF:4
FNH:1
FNDA:0,(anonymous_0)
FNDA:1,(anonymous_1)
FNDA:0,(anonymous_2)
FNDA:0,(anonymous_3)
DA:3,1
DA:6,1
DA:7,0
DA:8,0
DA:9,0
DA:11,0
DA:15,1
DA:16,1
DA:17,1
DA:20,1
DA:22,0
DA:26,1
DA:27,0
DA:28,0
DA:34,0
DA:35,0
DA:39,0
DA:41,0
DA:45,1
DA:46,0
DA:47,0
DA:49,0
DA:50,0
DA:54,0
DA:56,0
DA:61,1
LF:26
LH:9
BRDA:34,0,0,0
BRDA:34,0,1,0
BRDA:49,1,0,0
BRDA:49,1,1,0
BRF:4
BRH:0
end_of_record
TN:
SF:routes\main.route.js
FNF:0
FNH:0
DA:1,1
DA:2,1
DA:3,1
DA:5,1
DA:7,1
LF:5
LH:5
BRF:0
BRH:0
end_of_record
TN:
SF:routes\todo.route.js
FNF:0
FNH:0
DA:1,1
DA:2,1
DA:3,1
DA:6,1
DA:7,1
DA:8,1
DA:9,1
DA:12,1
LF:8
LH:8
BRF:0
BRH:0
end_of_record
TN:
SF:services\todo.services.js
FN:3,(anonymous_0)
FN:17,(anonymous_1)
FN:31,(anonymous_2)
FN:48,(anonymous_3)
FNF:4
FNH:1
FNDA:0,(anonymous_0)
FNDA:1,(anonymous_1)
FNDA:0,(anonymous_2)
FNDA:0,(anonymous_3)
DA:1,1
DA:3,1
DA:4,0
DA:5,0
DA:6,0
DA:11,0
DA:13,0
DA:17,1
DA:18,1
DA:19,1
DA:20,1
DA:25,1
DA:27,0
DA:31,1
DA:32,0
DA:36,0
DA:37,0
DA:38,0
DA:42,0
DA:44,0
DA:48,1
DA:49,0
DA:50,0
DA:55,0
DA:56,0
DA:60,0
DA:62,0
DA:67,1
LF:28
LH:10
BRF:0
BRH:0
end_of_record
